<?xml version="1.0" encoding="UTF-8"?>
<!-- Generated by org.testng.reporters.JUnitXMLReporter -->
<testsuite ignored="0" hostname="dasg16" failures="0" tests="5" name="Surefire test" time="12.796" errors="0" timestamp="2023-07-29T14:51:18 EDT">
  <testcase classname="com.das.validation.LoginTest" name="validateCartpage" time="6.481"/>
  <testcase classname="com.das.validation.LoginTest" name="validateCartpage" time="7.155"/>
  <testcase classname="com.das.validation.LoginTest" name="validateCartpage" time="7.424"/>
  <testcase classname="com.das.validation.LoginTest" name="validateCartpage" time="7.485"/>
  <testcase classname="com.das.validation.LoginTest" name="validateCartpage" time="7.656"/>
</testsuite> <!-- Surefire test -->
