<?xml version="1.0" encoding="UTF-8"?>
<!-- Generated by org.testng.reporters.JUnitXMLReporter -->
<testsuite ignored="0" hostname="dasg16" failures="0" tests="5" name="Surefire test" time="9.765" errors="0" timestamp="2023-07-27T00:09:25 EDT">
  <testcase classname="com.das.validation.LoginTest" name="validateCartpage" time="5.277"/>
  <testcase classname="com.das.validation.LoginTest" name="validateCartpage" time="5.688"/>
  <testcase classname="com.das.validation.LoginTest" name="validateCartpage" time="6.06"/>
  <testcase classname="com.das.validation.LoginTest" name="validateCartpage" time="6.147"/>
  <testcase classname="com.das.validation.LoginTest" name="validateCartpage" time="6.263"/>
</testsuite> <!-- Surefire test -->
