<?xml version="1.0" encoding="UTF-8"?>
<!-- Generated by org.testng.reporters.JUnitXMLReporter -->
<testsuite ignored="0" hostname="dasg16" failures="0" tests="5" name="Default test" time="10.928" errors="0" timestamp="2023-07-27T00:06:26 EDT">
  <testcase classname="com.das.validation.LoginTest" name="validateCartpage" time="6.74"/>
  <testcase classname="com.das.validation.LoginTest" name="validateCartpage" time="6.743"/>
  <testcase classname="com.das.validation.LoginTest" name="validateCartpage" time="7.124"/>
  <testcase classname="com.das.validation.LoginTest" name="validateCartpage" time="7.227"/>
  <testcase classname="com.das.validation.LoginTest" name="validateCartpage" time="7.601"/>
</testsuite> <!-- Default test -->
