<?xml version="1.0" encoding="UTF-8"?>
<!-- Generated by org.testng.reporters.JUnitXMLReporter -->
<testsuite ignored="0" hostname="dasg16" failures="0" tests="5" name="Default test" time="12.944" errors="0" timestamp="2023-07-29T18:28:36 EDT">
  <testcase classname="com.das.validation.LoginTest" name="validateCartpage" time="6.423"/>
  <testcase classname="com.das.validation.LoginTest" name="validateCartpage" time="6.463"/>
  <testcase classname="com.das.validation.LoginTest" name="validateCartpage" time="6.598"/>
  <testcase classname="com.das.validation.LoginTest" name="validateCartpage" time="6.76"/>
  <testcase classname="com.das.validation.LoginTest" name="validateCartpage" time="7.348"/>
</testsuite> <!-- Default test -->
