<?xml version="1.0" encoding="UTF-8"?>
<testsuite xmlns:xsi="http://www.w3.org/2001/XMLSchema-instance" xsi:noNamespaceSchemaLocation="https://maven.apache.org/surefire/maven-surefire-plugin/xsd/surefire-test-report-3.0.xsd" version="3.0" name="com.das.validation.LoginTest" time="112.638" tests="10" errors="0" skipped="0" failures="5">
  <properties>
[...]
</properties>
  <testcase name="validateCartpage[com.das.pojo.CustomerInfo@536b89fc, com.das.pojo.CustomerInfo@4cd6a58c](1)" classname="com.das.validation.LoginTest" time="7.26">
    <system-out><![CDATA[found my text
|OrderNumber|OrderDate|TotalPrice|PaymentMethod|SearchBy|SearchItem|ItemName|AddressLineOne|City|PostalCode|Country|State|Email|LastName|FirstName|
|-|-|-|-|popularity|Jeans|Basic Blue Jeans|10th Street|Greenville|23808.0|USA|North Carolina|testuser1@gmail.com|Smith|John|
|-|-|-|-|popularity|Jeans|Basic Blue Jeans|10th Street|Greenville|23808.0|USA|North Carolina|testuser2@gmail.com|Smith|Roger|
|-|-|-|-|popularity|Jeans|Basic Blue Jeans|10th Street|Greenville|23808.0|USA|North Carolina|testuser3@gmail.com|Smith|Amit|
|-|-|-|-|popularity|Jeans|Basic Blue Jeans|10th Street|Greenville|23808.0|USA|North Carolina|testuser4@gmail.com|Smith|Indiana|
|-|-|-|-|popularity|Jeans|Basic Blue Jeans|10th Street|Greenville|23808.0|USA|North Carolina|testuser5@gmail.com|Smith|Rebecca|
|-|-|-|-|popularity|Jeans|Basic Blue Jeans|10th Street|Greenville|23808.0|USA|North Carolina|testuser11@gmail.com|Smith|Uday|
|-|-|-|-|popularity|Jeans|Basic Blue Jeans|10th Street|Greenville|23808.0|USA|North Carolina|testuser12@gmail.com|Smith|Rohit|
|-|-|-|-|popularity|Jeans|Basic Blue Jeans|10th Street|Greenville|23808.0|USA|North Carolina|testuser13@gmail.com|Smith|Cleo|
|-|-|-|-|popularity|Jeans|Basic Blue Jeans|10th Street|Greenville|23808.0|USA|North Carolina|testuser14@gmail.com|Smith|Monty|
|-|-|-|-|popularity|Jeans|Basic Blue Jeans|10th Street|Greenville|23808.0|USA|North Carolina|testuser15@gmail.com|Smith|Emilly|

OrderNumber
OrderDate
TotalPrice
PaymentMethod
SearchBy
SearchItem
ItemName
AddressLineOne
City
PostalCode
Country
State
Email
LastName
FirstName

-
-
-
-
popularity
Jeans
Basic Blue Jeans
10th Street
Greenville
23808.0
USA
North Carolina
testuser1@gmail.com
Smith
John

-
-
-
-
popularity
Jeans
Basic Blue Jeans
10th Street
Greenville
23808.0
USA
North Carolina
testuser2@gmail.com
Smith
Roger

-
-
-
-
popularity
Jeans
Basic Blue Jeans
10th Street
Greenville
23808.0
USA
North Carolina
testuser3@gmail.com
Smith
Amit

-
-
-
-
popularity
Jeans
Basic Blue Jeans
10th Street
Greenville
23808.0
USA
North Carolina
testuser4@gmail.com
Smith
Indiana

-
-
-
-
popularity
Jeans
Basic Blue Jeans
10th Street
Greenville
23808.0
USA
North Carolina
testuser5@gmail.com
Smith
Rebecca

-
-
-
-
popularity
Jeans
Basic Blue Jeans
10th Street
Greenville
23808.0
USA
North Carolina
testuser11@gmail.com
Smith
Uday

-
-
-
-
popularity
Jeans
Basic Blue Jeans
10th Street
Greenville
23808.0
USA
North Carolina
testuser12@gmail.com
Smith
Rohit

-
-
-
-
popularity
Jeans
Basic Blue Jeans
10th Street
Greenville
23808.0
USA
North Carolina
testuser13@gmail.com
Smith
Cleo

-
-
-
-
popularity
Jeans
Basic Blue Jeans
10th Street
Greenville
23808.0
USA
North Carolina
testuser14@gmail.com
Smith
Monty

-
-
-
-
popularity
Jeans
Basic Blue Jeans
10th Street
Greenville
23808.0
USA
North Carolina
testuser15@gmail.com
Smith
Emilly
CustomerInfo not have fields for the value that you're passing from Excel
CustomerInfo not have fields for the value that you're passing from Excel
CustomerInfo not have fields for the value that you're passing from Excel
CustomerInfo not have fields for the value that you're passing from Excel
CustomerInfo not have fields for the value that you're passing from Excel
CustomerInfo not have fields for the value that you're passing from Excel
CustomerInfo not have fields for the value that you're passing from Excel
CustomerInfo not have fields for the value that you're passing from Excel
CustomerInfo not have fields for the value that you're passing from Excel
[INFO ] 2023-07-24 21:06:36.580 com.das.core.BasePage:79 - Entering email id testuser3@gmail.com
[INFO ] 2023-07-24 21:06:36.656 com.das.core.BasePage:79 - Entering email id testuser14@gmail.com
[INFO ] 2023-07-24 21:06:36.763 com.das.core.BasePage:79 - Entering email id testuser5@gmail.com
[INFO ] 2023-07-24 21:06:36.780 com.das.core.BasePage:79 - Entering email id testuser4@gmail.com
[INFO ] 2023-07-24 21:06:36.846 com.das.core.BasePage:79 - Entering email id testuser13@gmail.com
[INFO ] 2023-07-24 21:06:36.917 com.das.core.BasePage:79 - Entering email id testuser15@gmail.com
[INFO ] 2023-07-24 21:06:36.921 com.das.core.BasePage:79 - Entering email id testuser11@gmail.com
[INFO ] 2023-07-24 21:06:37.023 com.das.core.BasePage:79 - Entering email id testuser12@gmail.com
[INFO ] 2023-07-24 21:06:37.030 com.das.core.BasePage:79 - Entering password testuser
[INFO ] 2023-07-24 21:06:37.084 com.das.core.BasePage:79 - Entering password testuser
[INFO ] 2023-07-24 21:06:37.142 com.das.core.BasePage:79 - Entering password testuser
[INFO ] 2023-07-24 21:06:37.142 com.das.core.BasePage:79 - Entering password testuser
[INFO ] 2023-07-24 21:06:37.294 com.das.core.BasePage:79 - Entering password testuser
[INFO ] 2023-07-24 21:06:37.301 com.das.core.BasePage:79 - Entering password testuser
[INFO ] 2023-07-24 21:06:37.401 com.das.core.BasePage:79 - Entering password testuser
[INFO ] 2023-07-24 21:06:37.401 com.das.core.BasePage:79 - Entering password testuser
[INFO ] 2023-07-24 21:06:37.494 com.das.core.BasePage:79 - Entering password testuser
[INFO ] 2023-07-24 21:06:37.494 com.das.core.BasePage:79 - Entering password testuser
[INFO ] 2023-07-24 21:06:37.496 com.das.core.BasePage:60 - Clicking on login button
[INFO ] 2023-07-24 21:06:37.499 com.das.core.BasePage:60 - Clicking on login button
[INFO ] 2023-07-24 21:06:37.500 com.das.core.BasePage:60 - Clicking on login button
[INFO ] 2023-07-24 21:06:37.542 com.das.core.BasePage:60 - Clicking on login button
[INFO ] 2023-07-24 21:06:37.636 com.das.core.BasePage:60 - Clicking on login button
[INFO ] 2023-07-24 21:06:37.706 com.das.core.BasePage:60 - Clicking on login button
[INFO ] 2023-07-24 21:06:37.706 com.das.core.BasePage:60 - Clicking on login button
[INFO ] 2023-07-24 21:06:37.790 com.das.core.BasePage:60 - Clicking on login button
[INFO ] 2023-07-24 21:06:37.874 com.das.core.BasePage:60 - Clicking on login button
[INFO ] 2023-07-24 21:06:37.876 com.das.core.BasePage:60 - Clicking on login button
[INFO ] 2023-07-24 21:06:39.232 com.das.core.BasePage:60 - Clicking on order link
[INFO ] 2023-07-24 21:06:39.724 com.das.core.BasePage:60 - Clicking on order link
[INFO ] 2023-07-24 21:06:39.971 com.das.core.BasePage:60 - Clicking on order link
[INFO ] 2023-07-24 21:06:40.118 com.das.core.BasePage:60 - Clicking on order link
[INFO ] 2023-07-24 21:06:40.314 com.das.core.BasePage:60 - Clicking on order link
CURRENT THREAD End: 18, DRIVER = RemoteWebDriver: chrome on LINUX (45a13236d977e66b999cd667b9ea860a)
]]></system-out>
    <system-err><![CDATA[Jul 24, 2023 9:06:28 PM org.openqa.selenium.remote.DesiredCapabilities chrome
INFO: Using `new ChromeOptions()` is preferred to `DesiredCapabilities.chrome()`
Jul 24, 2023 9:06:28 PM org.openqa.selenium.remote.DesiredCapabilities chrome
INFO: Using `new ChromeOptions()` is preferred to `DesiredCapabilities.chrome()`
Jul 24, 2023 9:06:28 PM org.openqa.selenium.remote.DesiredCapabilities chrome
INFO: Using `new ChromeOptions()` is preferred to `DesiredCapabilities.chrome()`
Jul 24, 2023 9:06:28 PM org.openqa.selenium.remote.DesiredCapabilities chrome
INFO: Using `new ChromeOptions()` is preferred to `DesiredCapabilities.chrome()`
Jul 24, 2023 9:06:28 PM org.openqa.selenium.remote.DesiredCapabilities chrome
INFO: Using `new ChromeOptions()` is preferred to `DesiredCapabilities.chrome()`
Jul 24, 2023 9:06:28 PM org.openqa.selenium.remote.DesiredCapabilities chrome
INFO: Using `new ChromeOptions()` is preferred to `DesiredCapabilities.chrome()`
Jul 24, 2023 9:06:28 PM org.openqa.selenium.remote.DesiredCapabilities chrome
INFO: Using `new ChromeOptions()` is preferred to `DesiredCapabilities.chrome()`
Jul 24, 2023 9:06:28 PM org.openqa.selenium.remote.DesiredCapabilities chrome
INFO: Using `new ChromeOptions()` is preferred to `DesiredCapabilities.chrome()`
Jul 24, 2023 9:06:28 PM org.openqa.selenium.remote.DesiredCapabilities chrome
INFO: Using `new ChromeOptions()` is preferred to `DesiredCapabilities.chrome()`
Jul 24, 2023 9:06:28 PM org.openqa.selenium.remote.DesiredCapabilities chrome
INFO: Using `new ChromeOptions()` is preferred to `DesiredCapabilities.chrome()`
Jul 24, 2023 9:06:32 PM org.openqa.selenium.remote.ProtocolHandshake createSession
INFO: Detected dialect: W3C
Jul 24, 2023 9:06:32 PM org.openqa.selenium.remote.ProtocolHandshake createSession
INFO: Detected dialect: W3C
Jul 24, 2023 9:06:32 PM org.openqa.selenium.remote.ProtocolHandshake createSession
INFO: Detected dialect: W3C
Jul 24, 2023 9:06:32 PM org.openqa.selenium.remote.ProtocolHandshake createSession
INFO: Detected dialect: W3C
Jul 24, 2023 9:06:32 PM org.openqa.selenium.remote.ProtocolHandshake createSession
INFO: Detected dialect: W3C
Jul 24, 2023 9:06:33 PM org.openqa.selenium.remote.ProtocolHandshake createSession
INFO: Detected dialect: W3C
Jul 24, 2023 9:06:33 PM org.openqa.selenium.remote.ProtocolHandshake createSession
INFO: Detected dialect: W3C
Jul 24, 2023 9:06:33 PM org.openqa.selenium.remote.ProtocolHandshake createSession
INFO: Detected dialect: W3C
Jul 24, 2023 9:06:33 PM org.openqa.selenium.remote.ProtocolHandshake createSession
INFO: Detected dialect: W3C
Jul 24, 2023 9:06:33 PM org.openqa.selenium.remote.ProtocolHandshake createSession
INFO: Detected dialect: W3C
]]></system-err>
  </testcase>
  <testcase name="validateCartpage[com.das.pojo.CustomerInfo@22b6a038, com.das.pojo.CustomerInfo@6371bb24](2)" classname="com.das.validation.LoginTest" time="7.479">
    <system-out><![CDATA[CURRENT THREAD End: 22, DRIVER = RemoteWebDriver: chrome on LINUX (e7c9b9b39f35e45ae8b777d1054dcb8f)
]]></system-out>
  </testcase>
  <testcase name="validateCartpage[com.das.pojo.CustomerInfo@3c9c6978, com.das.pojo.CustomerInfo@7c2c67e](3)" classname="com.das.validation.LoginTest" time="7.592">
    <system-out><![CDATA[CURRENT THREAD End: 21, DRIVER = RemoteWebDriver: chrome on LINUX (4e5292b63ceccfb253472db2b0e8649c)
]]></system-out>
  </testcase>
  <testcase name="validateCartpage[com.das.pojo.CustomerInfo@35da1358, com.das.pojo.CustomerInfo@c6fe5b9](4)" classname="com.das.validation.LoginTest" time="7.756">
    <system-out><![CDATA[CURRENT THREAD End: 19, DRIVER = RemoteWebDriver: chrome on LINUX (18eeb815245588eed4c2648697309d48)
]]></system-out>
  </testcase>
  <testcase name="validateCartpage[com.das.pojo.CustomerInfo@35a406cb, com.das.pojo.CustomerInfo@4d74272f](5)" classname="com.das.validation.LoginTest" time="7.911">
    <system-out><![CDATA[CURRENT THREAD End: 20, DRIVER = RemoteWebDriver: chrome on LINUX (9ba1404eeda2c48a0cb8f5f1faa391fe)
]]></system-out>
  </testcase>
  <testcase name="validateCartpage[com.das.pojo.CustomerInfo@59a79744, com.das.pojo.CustomerInfo@53ab43bf](7)" classname="com.das.validation.LoginTest" time="35.554">
    <failure message="no such element: Unable to locate element: {&quot;method&quot;:&quot;link text&quot;,&quot;selector&quot;:&quot;Orders&quot;}&#10;  (Session info: chrome=115.0.5790.3)&#10;For documentation on this error, please visit: https://www.seleniumhq.org/exceptions/no_such_element.html&#10;Build info: version: &apos;3.141.59&apos;, revision: &apos;e82be7d358&apos;, time: &apos;2018-11-14T08:17:03&apos;&#10;System info: host: &apos;DASG16&apos;, ip: &apos;10.0.0.39&apos;, os.name: &apos;Windows 11&apos;, os.arch: &apos;amd64&apos;, os.version: &apos;10.0&apos;, java.version: &apos;17.0.8&apos;&#10;Driver info: org.openqa.selenium.remote.RemoteWebDriver&#10;Capabilities {acceptInsecureCerts: false, browserName: chrome, browserVersion: 115.0.5790.3, chrome: {chromedriverVersion: 114.0.5735.90 (386bc09e8f4f..., userDataDir: /tmp/.com.google.Chrome.63WVjY}, goog:chromeOptions: {debuggerAddress: localhost:33747}, javascriptEnabled: true, networkConnectionEnabled: false, pageLoadStrategy: normal, platform: LINUX, platformName: LINUX, proxy: Proxy(), se:bidiEnabled: false, se:cdp: ws://172.24.0.11:4444/sessi..., se:cdpVersion: 115.0.5790.3, se:vnc: ws://172.24.0.11:4444/sessi..., se:vncEnabled: true, se:vncLocalAddress: ws://172.24.0.11:7900, setWindowRect: true, strictFileInteractability: false, timeouts: {implicit: 0, pageLoad: 300000, script: 30000}, unhandledPromptBehavior: dismiss and notify, webauthn:extension:credBlob: true, webauthn:extension:largeBlob: true, webauthn:extension:minPinLength: true, webauthn:extension:prf: true, webauthn:virtualAuthenticators: true}&#10;Session ID: 5a36f42f241393f1e767bdca81a23a9a&#10;*** Element info: {Using=link text, value=Orders}" type="org.openqa.selenium.NoSuchElementException"><![CDATA[org.openqa.selenium.NoSuchElementException: 
no such element: Unable to locate element: {"method":"link text","selector":"Orders"}
  (Session info: chrome=115.0.5790.3)
For documentation on this error, please visit: https://www.seleniumhq.org/exceptions/no_such_element.html
Build info: version: '3.141.59', revision: 'e82be7d358', time: '2018-11-14T08:17:03'
System info: host: 'DASG16', ip: '10.0.0.39', os.name: 'Windows 11', os.arch: 'amd64', os.version: '10.0', java.version: '17.0.8'
Driver info: org.openqa.selenium.remote.RemoteWebDriver
Capabilities {acceptInsecureCerts: false, browserName: chrome, browserVersion: 115.0.5790.3, chrome: {chromedriverVersion: 114.0.5735.90 (386bc09e8f4f..., userDataDir: /tmp/.com.google.Chrome.63WVjY}, goog:chromeOptions: {debuggerAddress: localhost:33747}, javascriptEnabled: true, networkConnectionEnabled: false, pageLoadStrategy: normal, platform: LINUX, platformName: LINUX, proxy: Proxy(), se:bidiEnabled: false, se:cdp: ws://172.24.0.11:4444/sessi..., se:cdpVersion: 115.0.5790.3, se:vnc: ws://172.24.0.11:4444/sessi..., se:vncEnabled: true, se:vncLocalAddress: ws://172.24.0.11:7900, setWindowRect: true, strictFileInteractability: false, timeouts: {implicit: 0, pageLoad: 300000, script: 30000}, unhandledPromptBehavior: dismiss and notify, webauthn:extension:credBlob: true, webauthn:extension:largeBlob: true, webauthn:extension:minPinLength: true, webauthn:extension:prf: true, webauthn:virtualAuthenticators: true}
Session ID: 5a36f42f241393f1e767bdca81a23a9a
*** Element info: {Using=link text, value=Orders}
	at java.base/jdk.internal.reflect.NativeConstructorAccessorImpl.newInstance0(Native Method)
	at java.base/jdk.internal.reflect.NativeConstructorAccessorImpl.newInstance(NativeConstructorAccessorImpl.java:77)
	at java.base/jdk.internal.reflect.DelegatingConstructorAccessorImpl.newInstance(DelegatingConstructorAccessorImpl.java:45)
	at java.base/java.lang.reflect.Constructor.newInstanceWithCaller(Constructor.java:499)
	at java.base/java.lang.reflect.Constructor.newInstance(Constructor.java:480)
	at org.openqa.selenium.remote.http.W3CHttpResponseCodec.createException(W3CHttpResponseCodec.java:187)
	at org.openqa.selenium.remote.http.W3CHttpResponseCodec.decode(W3CHttpResponseCodec.java:122)
	at org.openqa.selenium.remote.http.W3CHttpResponseCodec.decode(W3CHttpResponseCodec.java:49)
	at org.openqa.selenium.remote.HttpCommandExecutor.execute(HttpCommandExecutor.java:158)
	at org.openqa.selenium.remote.RemoteWebDriver.execute(RemoteWebDriver.java:552)
	at org.openqa.selenium.remote.RemoteWebDriver.findElement(RemoteWebDriver.java:323)
	at org.openqa.selenium.remote.RemoteWebDriver.findElementByLinkText(RemoteWebDriver.java:380)
	at org.openqa.selenium.By$ByLinkText.findElement(By.java:220)
	at org.openqa.selenium.remote.RemoteWebDriver.findElement(RemoteWebDriver.java:315)
	at com.das.pom.AccountPage.getOrderLink(AccountPage.java:36)
	at com.das.validation.LoginTest.validateCartpage(LoginTest.java:22)
	at java.base/jdk.internal.reflect.NativeMethodAccessorImpl.invoke0(Native Method)
	at java.base/jdk.internal.reflect.NativeMethodAccessorImpl.invoke(NativeMethodAccessorImpl.java:77)
	at java.base/jdk.internal.reflect.DelegatingMethodAccessorImpl.invoke(DelegatingMethodAccessorImpl.java:43)
	at java.base/java.lang.reflect.Method.invoke(Method.java:568)
	at org.testng.internal.MethodInvocationHelper.invokeMethod(MethodInvocationHelper.java:133)
	at org.testng.internal.TestInvoker.invokeMethod(TestInvoker.java:598)
	at org.testng.internal.TestInvoker.invokeTestMethod(TestInvoker.java:173)
	at org.testng.internal.TestMethodWithDataProviderMethodWorker.call(TestMethodWithDataProviderMethodWorker.java:77)
	at org.testng.internal.TestMethodWithDataProviderMethodWorker.call(TestMethodWithDataProviderMethodWorker.java:15)
	at java.base/java.util.concurrent.FutureTask.run(FutureTask.java:264)
	at java.base/java.util.concurrent.Executors$RunnableAdapter.call(Executors.java:539)
	at java.base/java.util.concurrent.FutureTask.run(FutureTask.java:264)
	at java.base/java.util.concurrent.ThreadPoolExecutor.runWorker(ThreadPoolExecutor.java:1136)
	at java.base/java.util.concurrent.ThreadPoolExecutor$Worker.run(ThreadPoolExecutor.java:635)
	at java.base/java.lang.Thread.run(Thread.java:833)
]]></failure>
    <system-out><![CDATA[completeImagePath C:\Users\goura\git\repository\DesktopAutomationFramework\Screenshots\25\LoginTest\validateCartpage.png
completeImagePath C:\Users\goura\git\repository\DesktopAutomationFramework\Screenshots\27\LoginTest\validateCartpage.png
]]></system-out>
  </testcase>
  <testcase name="validateCartpage[com.das.pojo.CustomerInfo@25f5047b, com.das.pojo.CustomerInfo@b6c9bdd](7)" classname="com.das.validation.LoginTest" time="35.555">
    <failure message="no such element: Unable to locate element: {&quot;method&quot;:&quot;link text&quot;,&quot;selector&quot;:&quot;Orders&quot;}&#10;  (Session info: chrome=115.0.5790.3)&#10;For documentation on this error, please visit: https://www.seleniumhq.org/exceptions/no_such_element.html&#10;Build info: version: &apos;3.141.59&apos;, revision: &apos;e82be7d358&apos;, time: &apos;2018-11-14T08:17:03&apos;&#10;System info: host: &apos;DASG16&apos;, ip: &apos;10.0.0.39&apos;, os.name: &apos;Windows 11&apos;, os.arch: &apos;amd64&apos;, os.version: &apos;10.0&apos;, java.version: &apos;17.0.8&apos;&#10;Driver info: org.openqa.selenium.remote.RemoteWebDriver&#10;Capabilities {acceptInsecureCerts: false, browserName: chrome, browserVersion: 115.0.5790.3, chrome: {chromedriverVersion: 114.0.5735.90 (386bc09e8f4f..., userDataDir: /tmp/.com.google.Chrome.eg4V0E}, goog:chromeOptions: {debuggerAddress: localhost:45259}, javascriptEnabled: true, networkConnectionEnabled: false, pageLoadStrategy: normal, platform: LINUX, platformName: LINUX, proxy: Proxy(), se:bidiEnabled: false, se:cdp: ws://172.24.0.7:4444/sessio..., se:cdpVersion: 115.0.5790.3, se:vnc: ws://172.24.0.7:4444/sessio..., se:vncEnabled: true, se:vncLocalAddress: ws://172.24.0.7:7900, setWindowRect: true, strictFileInteractability: false, timeouts: {implicit: 0, pageLoad: 300000, script: 30000}, unhandledPromptBehavior: dismiss and notify, webauthn:extension:credBlob: true, webauthn:extension:largeBlob: true, webauthn:extension:minPinLength: true, webauthn:extension:prf: true, webauthn:virtualAuthenticators: true}&#10;Session ID: 479f346fc2fff5f6f9f20de6a33cb811&#10;*** Element info: {Using=link text, value=Orders}" type="org.openqa.selenium.NoSuchElementException"><![CDATA[org.openqa.selenium.NoSuchElementException: 
no such element: Unable to locate element: {"method":"link text","selector":"Orders"}
  (Session info: chrome=115.0.5790.3)
For documentation on this error, please visit: https://www.seleniumhq.org/exceptions/no_such_element.html
Build info: version: '3.141.59', revision: 'e82be7d358', time: '2018-11-14T08:17:03'
System info: host: 'DASG16', ip: '10.0.0.39', os.name: 'Windows 11', os.arch: 'amd64', os.version: '10.0', java.version: '17.0.8'
Driver info: org.openqa.selenium.remote.RemoteWebDriver
Capabilities {acceptInsecureCerts: false, browserName: chrome, browserVersion: 115.0.5790.3, chrome: {chromedriverVersion: 114.0.5735.90 (386bc09e8f4f..., userDataDir: /tmp/.com.google.Chrome.eg4V0E}, goog:chromeOptions: {debuggerAddress: localhost:45259}, javascriptEnabled: true, networkConnectionEnabled: false, pageLoadStrategy: normal, platform: LINUX, platformName: LINUX, proxy: Proxy(), se:bidiEnabled: false, se:cdp: ws://172.24.0.7:4444/sessio..., se:cdpVersion: 115.0.5790.3, se:vnc: ws://172.24.0.7:4444/sessio..., se:vncEnabled: true, se:vncLocalAddress: ws://172.24.0.7:7900, setWindowRect: true, strictFileInteractability: false, timeouts: {implicit: 0, pageLoad: 300000, script: 30000}, unhandledPromptBehavior: dismiss and notify, webauthn:extension:credBlob: true, webauthn:extension:largeBlob: true, webauthn:extension:minPinLength: true, webauthn:extension:prf: true, webauthn:virtualAuthenticators: true}
Session ID: 479f346fc2fff5f6f9f20de6a33cb811
*** Element info: {Using=link text, value=Orders}
	at java.base/jdk.internal.reflect.NativeConstructorAccessorImpl.newInstance0(Native Method)
	at java.base/jdk.internal.reflect.NativeConstructorAccessorImpl.newInstance(NativeConstructorAccessorImpl.java:77)
	at java.base/jdk.internal.reflect.DelegatingConstructorAccessorImpl.newInstance(DelegatingConstructorAccessorImpl.java:45)
	at java.base/java.lang.reflect.Constructor.newInstanceWithCaller(Constructor.java:499)
	at java.base/java.lang.reflect.Constructor.newInstance(Constructor.java:480)
	at org.openqa.selenium.remote.http.W3CHttpResponseCodec.createException(W3CHttpResponseCodec.java:187)
	at org.openqa.selenium.remote.http.W3CHttpResponseCodec.decode(W3CHttpResponseCodec.java:122)
	at org.openqa.selenium.remote.http.W3CHttpResponseCodec.decode(W3CHttpResponseCodec.java:49)
	at org.openqa.selenium.remote.HttpCommandExecutor.execute(HttpCommandExecutor.java:158)
	at org.openqa.selenium.remote.RemoteWebDriver.execute(RemoteWebDriver.java:552)
	at org.openqa.selenium.remote.RemoteWebDriver.findElement(RemoteWebDriver.java:323)
	at org.openqa.selenium.remote.RemoteWebDriver.findElementByLinkText(RemoteWebDriver.java:380)
	at org.openqa.selenium.By$ByLinkText.findElement(By.java:220)
	at org.openqa.selenium.remote.RemoteWebDriver.findElement(RemoteWebDriver.java:315)
	at com.das.pom.AccountPage.getOrderLink(AccountPage.java:36)
	at com.das.validation.LoginTest.validateCartpage(LoginTest.java:22)
	at java.base/jdk.internal.reflect.NativeMethodAccessorImpl.invoke0(Native Method)
	at java.base/jdk.internal.reflect.NativeMethodAccessorImpl.invoke(NativeMethodAccessorImpl.java:77)
	at java.base/jdk.internal.reflect.DelegatingMethodAccessorImpl.invoke(DelegatingMethodAccessorImpl.java:43)
	at java.base/java.lang.reflect.Method.invoke(Method.java:568)
	at org.testng.internal.MethodInvocationHelper.invokeMethod(MethodInvocationHelper.java:133)
	at org.testng.internal.TestInvoker.invokeMethod(TestInvoker.java:598)
	at org.testng.internal.TestInvoker.invokeTestMethod(TestInvoker.java:173)
	at org.testng.internal.TestMethodWithDataProviderMethodWorker.call(TestMethodWithDataProviderMethodWorker.java:77)
	at org.testng.internal.TestMethodWithDataProviderMethodWorker.call(TestMethodWithDataProviderMethodWorker.java:15)
	at java.base/java.util.concurrent.FutureTask.run(FutureTask.java:264)
	at java.base/java.util.concurrent.Executors$RunnableAdapter.call(Executors.java:539)
	at java.base/java.util.concurrent.FutureTask.run(FutureTask.java:264)
	at java.base/java.util.concurrent.ThreadPoolExecutor.runWorker(ThreadPoolExecutor.java:1136)
	at java.base/java.util.concurrent.ThreadPoolExecutor$Worker.run(ThreadPoolExecutor.java:635)
	at java.base/java.lang.Thread.run(Thread.java:833)
]]></failure>
  </testcase>
  <testcase name="validateCartpage[com.das.pojo.CustomerInfo@204627ee, com.das.pojo.CustomerInfo@2cc3b36a](8)" classname="com.das.validation.LoginTest" time="35.8">
    <failure message="no such element: Unable to locate element: {&quot;method&quot;:&quot;link text&quot;,&quot;selector&quot;:&quot;Orders&quot;}&#10;  (Session info: chrome=115.0.5790.3)&#10;For documentation on this error, please visit: https://www.seleniumhq.org/exceptions/no_such_element.html&#10;Build info: version: &apos;3.141.59&apos;, revision: &apos;e82be7d358&apos;, time: &apos;2018-11-14T08:17:03&apos;&#10;System info: host: &apos;DASG16&apos;, ip: &apos;10.0.0.39&apos;, os.name: &apos;Windows 11&apos;, os.arch: &apos;amd64&apos;, os.version: &apos;10.0&apos;, java.version: &apos;17.0.8&apos;&#10;Driver info: org.openqa.selenium.remote.RemoteWebDriver&#10;Capabilities {acceptInsecureCerts: false, browserName: chrome, browserVersion: 115.0.5790.3, chrome: {chromedriverVersion: 114.0.5735.90 (386bc09e8f4f..., userDataDir: /tmp/.com.google.Chrome.MRqboN}, goog:chromeOptions: {debuggerAddress: localhost:44775}, javascriptEnabled: true, networkConnectionEnabled: false, pageLoadStrategy: normal, platform: LINUX, platformName: LINUX, proxy: Proxy(), se:bidiEnabled: false, se:cdp: ws://172.24.0.10:4444/sessi..., se:cdpVersion: 115.0.5790.3, se:vnc: ws://172.24.0.10:4444/sessi..., se:vncEnabled: true, se:vncLocalAddress: ws://172.24.0.10:7900, setWindowRect: true, strictFileInteractability: false, timeouts: {implicit: 0, pageLoad: 300000, script: 30000}, unhandledPromptBehavior: dismiss and notify, webauthn:extension:credBlob: true, webauthn:extension:largeBlob: true, webauthn:extension:minPinLength: true, webauthn:extension:prf: true, webauthn:virtualAuthenticators: true}&#10;Session ID: 59b4555d089e8d1e867b16b087e346a7&#10;*** Element info: {Using=link text, value=Orders}" type="org.openqa.selenium.NoSuchElementException"><![CDATA[org.openqa.selenium.NoSuchElementException: 
no such element: Unable to locate element: {"method":"link text","selector":"Orders"}
  (Session info: chrome=115.0.5790.3)
For documentation on this error, please visit: https://www.seleniumhq.org/exceptions/no_such_element.html
Build info: version: '3.141.59', revision: 'e82be7d358', time: '2018-11-14T08:17:03'
System info: host: 'DASG16', ip: '10.0.0.39', os.name: 'Windows 11', os.arch: 'amd64', os.version: '10.0', java.version: '17.0.8'
Driver info: org.openqa.selenium.remote.RemoteWebDriver
Capabilities {acceptInsecureCerts: false, browserName: chrome, browserVersion: 115.0.5790.3, chrome: {chromedriverVersion: 114.0.5735.90 (386bc09e8f4f..., userDataDir: /tmp/.com.google.Chrome.MRqboN}, goog:chromeOptions: {debuggerAddress: localhost:44775}, javascriptEnabled: true, networkConnectionEnabled: false, pageLoadStrategy: normal, platform: LINUX, platformName: LINUX, proxy: Proxy(), se:bidiEnabled: false, se:cdp: ws://172.24.0.10:4444/sessi..., se:cdpVersion: 115.0.5790.3, se:vnc: ws://172.24.0.10:4444/sessi..., se:vncEnabled: true, se:vncLocalAddress: ws://172.24.0.10:7900, setWindowRect: true, strictFileInteractability: false, timeouts: {implicit: 0, pageLoad: 300000, script: 30000}, unhandledPromptBehavior: dismiss and notify, webauthn:extension:credBlob: true, webauthn:extension:largeBlob: true, webauthn:extension:minPinLength: true, webauthn:extension:prf: true, webauthn:virtualAuthenticators: true}
Session ID: 59b4555d089e8d1e867b16b087e346a7
*** Element info: {Using=link text, value=Orders}
	at java.base/jdk.internal.reflect.NativeConstructorAccessorImpl.newInstance0(Native Method)
	at java.base/jdk.internal.reflect.NativeConstructorAccessorImpl.newInstance(NativeConstructorAccessorImpl.java:77)
	at java.base/jdk.internal.reflect.DelegatingConstructorAccessorImpl.newInstance(DelegatingConstructorAccessorImpl.java:45)
	at java.base/java.lang.reflect.Constructor.newInstanceWithCaller(Constructor.java:499)
	at java.base/java.lang.reflect.Constructor.newInstance(Constructor.java:480)
	at org.openqa.selenium.remote.http.W3CHttpResponseCodec.createException(W3CHttpResponseCodec.java:187)
	at org.openqa.selenium.remote.http.W3CHttpResponseCodec.decode(W3CHttpResponseCodec.java:122)
	at org.openqa.selenium.remote.http.W3CHttpResponseCodec.decode(W3CHttpResponseCodec.java:49)
	at org.openqa.selenium.remote.HttpCommandExecutor.execute(HttpCommandExecutor.java:158)
	at org.openqa.selenium.remote.RemoteWebDriver.execute(RemoteWebDriver.java:552)
	at org.openqa.selenium.remote.RemoteWebDriver.findElement(RemoteWebDriver.java:323)
	at org.openqa.selenium.remote.RemoteWebDriver.findElementByLinkText(RemoteWebDriver.java:380)
	at org.openqa.selenium.By$ByLinkText.findElement(By.java:220)
	at org.openqa.selenium.remote.RemoteWebDriver.findElement(RemoteWebDriver.java:315)
	at com.das.pom.AccountPage.getOrderLink(AccountPage.java:36)
	at com.das.validation.LoginTest.validateCartpage(LoginTest.java:22)
	at java.base/jdk.internal.reflect.NativeMethodAccessorImpl.invoke0(Native Method)
	at java.base/jdk.internal.reflect.NativeMethodAccessorImpl.invoke(NativeMethodAccessorImpl.java:77)
	at java.base/jdk.internal.reflect.DelegatingMethodAccessorImpl.invoke(DelegatingMethodAccessorImpl.java:43)
	at java.base/java.lang.reflect.Method.invoke(Method.java:568)
	at org.testng.internal.MethodInvocationHelper.invokeMethod(MethodInvocationHelper.java:133)
	at org.testng.internal.TestInvoker.invokeMethod(TestInvoker.java:598)
	at org.testng.internal.TestInvoker.invokeTestMethod(TestInvoker.java:173)
	at org.testng.internal.TestMethodWithDataProviderMethodWorker.call(TestMethodWithDataProviderMethodWorker.java:77)
	at org.testng.internal.TestMethodWithDataProviderMethodWorker.call(TestMethodWithDataProviderMethodWorker.java:15)
	at java.base/java.util.concurrent.FutureTask.run(FutureTask.java:264)
	at java.base/java.util.concurrent.Executors$RunnableAdapter.call(Executors.java:539)
	at java.base/java.util.concurrent.FutureTask.run(FutureTask.java:264)
	at java.base/java.util.concurrent.ThreadPoolExecutor.runWorker(ThreadPoolExecutor.java:1136)
	at java.base/java.util.concurrent.ThreadPoolExecutor$Worker.run(ThreadPoolExecutor.java:635)
	at java.base/java.lang.Thread.run(Thread.java:833)
]]></failure>
    <system-out><![CDATA[completeImagePath C:\Users\goura\git\repository\DesktopAutomationFramework\Screenshots\24\LoginTest\validateCartpage.png
]]></system-out>
  </testcase>
  <testcase name="validateCartpage[com.das.pojo.CustomerInfo@39bba06e, com.das.pojo.CustomerInfo@4083c480](9)" classname="com.das.validation.LoginTest" time="36.226">
    <failure message="no such element: Unable to locate element: {&quot;method&quot;:&quot;link text&quot;,&quot;selector&quot;:&quot;Orders&quot;}&#10;  (Session info: chrome=115.0.5790.3)&#10;For documentation on this error, please visit: https://www.seleniumhq.org/exceptions/no_such_element.html&#10;Build info: version: &apos;3.141.59&apos;, revision: &apos;e82be7d358&apos;, time: &apos;2018-11-14T08:17:03&apos;&#10;System info: host: &apos;DASG16&apos;, ip: &apos;10.0.0.39&apos;, os.name: &apos;Windows 11&apos;, os.arch: &apos;amd64&apos;, os.version: &apos;10.0&apos;, java.version: &apos;17.0.8&apos;&#10;Driver info: org.openqa.selenium.remote.RemoteWebDriver&#10;Capabilities {acceptInsecureCerts: false, browserName: chrome, browserVersion: 115.0.5790.3, chrome: {chromedriverVersion: 114.0.5735.90 (386bc09e8f4f..., userDataDir: /tmp/.com.google.Chrome.4S5xaE}, goog:chromeOptions: {debuggerAddress: localhost:33997}, javascriptEnabled: true, networkConnectionEnabled: false, pageLoadStrategy: normal, platform: LINUX, platformName: LINUX, proxy: Proxy(), se:bidiEnabled: false, se:cdp: ws://172.24.0.8:4444/sessio..., se:cdpVersion: 115.0.5790.3, se:vnc: ws://172.24.0.8:4444/sessio..., se:vncEnabled: true, se:vncLocalAddress: ws://172.24.0.8:7900, setWindowRect: true, strictFileInteractability: false, timeouts: {implicit: 0, pageLoad: 300000, script: 30000}, unhandledPromptBehavior: dismiss and notify, webauthn:extension:credBlob: true, webauthn:extension:largeBlob: true, webauthn:extension:minPinLength: true, webauthn:extension:prf: true, webauthn:virtualAuthenticators: true}&#10;Session ID: 7b5ab742de0a29e71d32705eeb70015c&#10;*** Element info: {Using=link text, value=Orders}" type="org.openqa.selenium.NoSuchElementException"><![CDATA[org.openqa.selenium.NoSuchElementException: 
no such element: Unable to locate element: {"method":"link text","selector":"Orders"}
  (Session info: chrome=115.0.5790.3)
For documentation on this error, please visit: https://www.seleniumhq.org/exceptions/no_such_element.html
Build info: version: '3.141.59', revision: 'e82be7d358', time: '2018-11-14T08:17:03'
System info: host: 'DASG16', ip: '10.0.0.39', os.name: 'Windows 11', os.arch: 'amd64', os.version: '10.0', java.version: '17.0.8'
Driver info: org.openqa.selenium.remote.RemoteWebDriver
Capabilities {acceptInsecureCerts: false, browserName: chrome, browserVersion: 115.0.5790.3, chrome: {chromedriverVersion: 114.0.5735.90 (386bc09e8f4f..., userDataDir: /tmp/.com.google.Chrome.4S5xaE}, goog:chromeOptions: {debuggerAddress: localhost:33997}, javascriptEnabled: true, networkConnectionEnabled: false, pageLoadStrategy: normal, platform: LINUX, platformName: LINUX, proxy: Proxy(), se:bidiEnabled: false, se:cdp: ws://172.24.0.8:4444/sessio..., se:cdpVersion: 115.0.5790.3, se:vnc: ws://172.24.0.8:4444/sessio..., se:vncEnabled: true, se:vncLocalAddress: ws://172.24.0.8:7900, setWindowRect: true, strictFileInteractability: false, timeouts: {implicit: 0, pageLoad: 300000, script: 30000}, unhandledPromptBehavior: dismiss and notify, webauthn:extension:credBlob: true, webauthn:extension:largeBlob: true, webauthn:extension:minPinLength: true, webauthn:extension:prf: true, webauthn:virtualAuthenticators: true}
Session ID: 7b5ab742de0a29e71d32705eeb70015c
*** Element info: {Using=link text, value=Orders}
	at java.base/jdk.internal.reflect.NativeConstructorAccessorImpl.newInstance0(Native Method)
	at java.base/jdk.internal.reflect.NativeConstructorAccessorImpl.newInstance(NativeConstructorAccessorImpl.java:77)
	at java.base/jdk.internal.reflect.DelegatingConstructorAccessorImpl.newInstance(DelegatingConstructorAccessorImpl.java:45)
	at java.base/java.lang.reflect.Constructor.newInstanceWithCaller(Constructor.java:499)
	at java.base/java.lang.reflect.Constructor.newInstance(Constructor.java:480)
	at org.openqa.selenium.remote.http.W3CHttpResponseCodec.createException(W3CHttpResponseCodec.java:187)
	at org.openqa.selenium.remote.http.W3CHttpResponseCodec.decode(W3CHttpResponseCodec.java:122)
	at org.openqa.selenium.remote.http.W3CHttpResponseCodec.decode(W3CHttpResponseCodec.java:49)
	at org.openqa.selenium.remote.HttpCommandExecutor.execute(HttpCommandExecutor.java:158)
	at org.openqa.selenium.remote.RemoteWebDriver.execute(RemoteWebDriver.java:552)
	at org.openqa.selenium.remote.RemoteWebDriver.findElement(RemoteWebDriver.java:323)
	at org.openqa.selenium.remote.RemoteWebDriver.findElementByLinkText(RemoteWebDriver.java:380)
	at org.openqa.selenium.By$ByLinkText.findElement(By.java:220)
	at org.openqa.selenium.remote.RemoteWebDriver.findElement(RemoteWebDriver.java:315)
	at com.das.pom.AccountPage.getOrderLink(AccountPage.java:36)
	at com.das.validation.LoginTest.validateCartpage(LoginTest.java:22)
	at java.base/jdk.internal.reflect.NativeMethodAccessorImpl.invoke0(Native Method)
	at java.base/jdk.internal.reflect.NativeMethodAccessorImpl.invoke(NativeMethodAccessorImpl.java:77)
	at java.base/jdk.internal.reflect.DelegatingMethodAccessorImpl.invoke(DelegatingMethodAccessorImpl.java:43)
	at java.base/java.lang.reflect.Method.invoke(Method.java:568)
	at org.testng.internal.MethodInvocationHelper.invokeMethod(MethodInvocationHelper.java:133)
	at org.testng.internal.TestInvoker.invokeMethod(TestInvoker.java:598)
	at org.testng.internal.TestInvoker.invokeTestMethod(TestInvoker.java:173)
	at org.testng.internal.TestMethodWithDataProviderMethodWorker.call(TestMethodWithDataProviderMethodWorker.java:77)
	at org.testng.internal.TestMethodWithDataProviderMethodWorker.call(TestMethodWithDataProviderMethodWorker.java:15)
	at java.base/java.util.concurrent.FutureTask.run(FutureTask.java:264)
	at java.base/java.util.concurrent.Executors$RunnableAdapter.call(Executors.java:539)
	at java.base/java.util.concurrent.FutureTask.run(FutureTask.java:264)
	at java.base/java.util.concurrent.ThreadPoolExecutor.runWorker(ThreadPoolExecutor.java:1136)
	at java.base/java.util.concurrent.ThreadPoolExecutor$Worker.run(ThreadPoolExecutor.java:635)
	at java.base/java.lang.Thread.run(Thread.java:833)
]]></failure>
    <system-out><![CDATA[completeImagePath C:\Users\goura\git\repository\DesktopAutomationFramework\Screenshots\26\LoginTest\validateCartpage.png
]]></system-out>
  </testcase>
  <testcase name="validateCartpage[com.das.pojo.CustomerInfo@72c60a02, com.das.pojo.CustomerInfo@106c0afe](10)" classname="com.das.validation.LoginTest" time="36.634">
    <failure message="no such element: Unable to locate element: {&quot;method&quot;:&quot;link text&quot;,&quot;selector&quot;:&quot;Orders&quot;}&#10;  (Session info: chrome=115.0.5790.3)&#10;For documentation on this error, please visit: https://www.seleniumhq.org/exceptions/no_such_element.html&#10;Build info: version: &apos;3.141.59&apos;, revision: &apos;e82be7d358&apos;, time: &apos;2018-11-14T08:17:03&apos;&#10;System info: host: &apos;DASG16&apos;, ip: &apos;10.0.0.39&apos;, os.name: &apos;Windows 11&apos;, os.arch: &apos;amd64&apos;, os.version: &apos;10.0&apos;, java.version: &apos;17.0.8&apos;&#10;Driver info: org.openqa.selenium.remote.RemoteWebDriver&#10;Capabilities {acceptInsecureCerts: false, browserName: chrome, browserVersion: 115.0.5790.3, chrome: {chromedriverVersion: 114.0.5735.90 (386bc09e8f4f..., userDataDir: /tmp/.com.google.Chrome.jxpPDy}, goog:chromeOptions: {debuggerAddress: localhost:44397}, javascriptEnabled: true, networkConnectionEnabled: false, pageLoadStrategy: normal, platform: LINUX, platformName: LINUX, proxy: Proxy(), se:bidiEnabled: false, se:cdp: ws://172.24.0.3:4444/sessio..., se:cdpVersion: 115.0.5790.3, se:vnc: ws://172.24.0.3:4444/sessio..., se:vncEnabled: true, se:vncLocalAddress: ws://172.24.0.3:7900, setWindowRect: true, strictFileInteractability: false, timeouts: {implicit: 0, pageLoad: 300000, script: 30000}, unhandledPromptBehavior: dismiss and notify, webauthn:extension:credBlob: true, webauthn:extension:largeBlob: true, webauthn:extension:minPinLength: true, webauthn:extension:prf: true, webauthn:virtualAuthenticators: true}&#10;Session ID: bf3b4c49ae5597fb0a8d6bf7a4f036c1&#10;*** Element info: {Using=link text, value=Orders}" type="org.openqa.selenium.NoSuchElementException"><![CDATA[org.openqa.selenium.NoSuchElementException: 
no such element: Unable to locate element: {"method":"link text","selector":"Orders"}
  (Session info: chrome=115.0.5790.3)
For documentation on this error, please visit: https://www.seleniumhq.org/exceptions/no_such_element.html
Build info: version: '3.141.59', revision: 'e82be7d358', time: '2018-11-14T08:17:03'
System info: host: 'DASG16', ip: '10.0.0.39', os.name: 'Windows 11', os.arch: 'amd64', os.version: '10.0', java.version: '17.0.8'
Driver info: org.openqa.selenium.remote.RemoteWebDriver
Capabilities {acceptInsecureCerts: false, browserName: chrome, browserVersion: 115.0.5790.3, chrome: {chromedriverVersion: 114.0.5735.90 (386bc09e8f4f..., userDataDir: /tmp/.com.google.Chrome.jxpPDy}, goog:chromeOptions: {debuggerAddress: localhost:44397}, javascriptEnabled: true, networkConnectionEnabled: false, pageLoadStrategy: normal, platform: LINUX, platformName: LINUX, proxy: Proxy(), se:bidiEnabled: false, se:cdp: ws://172.24.0.3:4444/sessio..., se:cdpVersion: 115.0.5790.3, se:vnc: ws://172.24.0.3:4444/sessio..., se:vncEnabled: true, se:vncLocalAddress: ws://172.24.0.3:7900, setWindowRect: true, strictFileInteractability: false, timeouts: {implicit: 0, pageLoad: 300000, script: 30000}, unhandledPromptBehavior: dismiss and notify, webauthn:extension:credBlob: true, webauthn:extension:largeBlob: true, webauthn:extension:minPinLength: true, webauthn:extension:prf: true, webauthn:virtualAuthenticators: true}
Session ID: bf3b4c49ae5597fb0a8d6bf7a4f036c1
*** Element info: {Using=link text, value=Orders}
	at java.base/jdk.internal.reflect.NativeConstructorAccessorImpl.newInstance0(Native Method)
	at java.base/jdk.internal.reflect.NativeConstructorAccessorImpl.newInstance(NativeConstructorAccessorImpl.java:77)
	at java.base/jdk.internal.reflect.DelegatingConstructorAccessorImpl.newInstance(DelegatingConstructorAccessorImpl.java:45)
	at java.base/java.lang.reflect.Constructor.newInstanceWithCaller(Constructor.java:499)
	at java.base/java.lang.reflect.Constructor.newInstance(Constructor.java:480)
	at org.openqa.selenium.remote.http.W3CHttpResponseCodec.createException(W3CHttpResponseCodec.java:187)
	at org.openqa.selenium.remote.http.W3CHttpResponseCodec.decode(W3CHttpResponseCodec.java:122)
	at org.openqa.selenium.remote.http.W3CHttpResponseCodec.decode(W3CHttpResponseCodec.java:49)
	at org.openqa.selenium.remote.HttpCommandExecutor.execute(HttpCommandExecutor.java:158)
	at org.openqa.selenium.remote.RemoteWebDriver.execute(RemoteWebDriver.java:552)
	at org.openqa.selenium.remote.RemoteWebDriver.findElement(RemoteWebDriver.java:323)
	at org.openqa.selenium.remote.RemoteWebDriver.findElementByLinkText(RemoteWebDriver.java:380)
	at org.openqa.selenium.By$ByLinkText.findElement(By.java:220)
	at org.openqa.selenium.remote.RemoteWebDriver.findElement(RemoteWebDriver.java:315)
	at com.das.pom.AccountPage.getOrderLink(AccountPage.java:36)
	at com.das.validation.LoginTest.validateCartpage(LoginTest.java:22)
	at java.base/jdk.internal.reflect.NativeMethodAccessorImpl.invoke0(Native Method)
	at java.base/jdk.internal.reflect.NativeMethodAccessorImpl.invoke(NativeMethodAccessorImpl.java:77)
	at java.base/jdk.internal.reflect.DelegatingMethodAccessorImpl.invoke(DelegatingMethodAccessorImpl.java:43)
	at java.base/java.lang.reflect.Method.invoke(Method.java:568)
	at org.testng.internal.MethodInvocationHelper.invokeMethod(MethodInvocationHelper.java:133)
	at org.testng.internal.TestInvoker.invokeMethod(TestInvoker.java:598)
	at org.testng.internal.TestInvoker.invokeTestMethod(TestInvoker.java:173)
	at org.testng.internal.TestMethodWithDataProviderMethodWorker.call(TestMethodWithDataProviderMethodWorker.java:77)
	at org.testng.internal.TestMethodWithDataProviderMethodWorker.call(TestMethodWithDataProviderMethodWorker.java:15)
	at java.base/java.util.concurrent.FutureTask.run(FutureTask.java:264)
	at java.base/java.util.concurrent.Executors$RunnableAdapter.call(Executors.java:539)
	at java.base/java.util.concurrent.FutureTask.run(FutureTask.java:264)
	at java.base/java.util.concurrent.ThreadPoolExecutor.runWorker(ThreadPoolExecutor.java:1136)
	at java.base/java.util.concurrent.ThreadPoolExecutor$Worker.run(ThreadPoolExecutor.java:635)
	at java.base/java.lang.Thread.run(Thread.java:833)
]]></failure>
    <system-out><![CDATA[completeImagePath C:\Users\goura\git\repository\DesktopAutomationFramework\Screenshots\23\LoginTest\validateCartpage.png
]]></system-out>
  </testcase>
</testsuite>