<?xml version="1.0" encoding="UTF-8"?>
<testng-results ignored="0" total="5" passed="5" failed="0" skipped="0">
  <reporter-output>
  </reporter-output>
  <suite started-at="2023-07-27T20:36:25 EDT" name="Default suite" finished-at="2023-07-27T20:36:35 EDT" duration-ms="10197">
    <groups>
    </groups>
    <test started-at="2023-07-27T20:36:25 EDT" name="Default test" finished-at="2023-07-27T20:36:35 EDT" duration-ms="10197">
      <class name="com.das.validation.LoginTest">
        <test-method is-config="true" signature="startDockerGrid()[pri:0, instance:com.das.validation.LoginTest@38425407]" started-at="2023-07-27T20:36:07 EDT" name="startDockerGrid" finished-at="2023-07-27T20:36:25 EDT" duration-ms="18236" status="PASS">
          <reporter-output>
          </reporter-output>
        </test-method> <!-- startDockerGrid -->
        <test-method is-config="true" signature="startDriver(org.testng.ITestContext)[pri:0, instance:com.das.validation.LoginTest@38425407]" started-at="2023-07-27T20:36:26 EDT" name="startDriver" finished-at="2023-07-27T20:36:28 EDT" duration-ms="2711" status="PASS">
          <params>
            <param index="0">
              <value>
                <![CDATA[org.testng.TestRunner@4c0884e8]]>
              </value>
            </param>
          </params>
          <reporter-output>
          </reporter-output>
        </test-method> <!-- startDriver -->
        <test-method is-config="true" signature="startDriver(org.testng.ITestContext)[pri:0, instance:com.das.validation.LoginTest@38425407]" started-at="2023-07-27T20:36:26 EDT" name="startDriver" finished-at="2023-07-27T20:36:29 EDT" duration-ms="2741" status="PASS">
          <params>
            <param index="0">
              <value>
                <![CDATA[org.testng.TestRunner@4c0884e8]]>
              </value>
            </param>
          </params>
          <reporter-output>
          </reporter-output>
        </test-method> <!-- startDriver -->
        <test-method is-config="true" signature="startDriver(org.testng.ITestContext)[pri:0, instance:com.das.validation.LoginTest@38425407]" started-at="2023-07-27T20:36:26 EDT" name="startDriver" finished-at="2023-07-27T20:36:28 EDT" duration-ms="2709" status="PASS">
          <params>
            <param index="0">
              <value>
                <![CDATA[org.testng.TestRunner@4c0884e8]]>
              </value>
            </param>
          </params>
          <reporter-output>
          </reporter-output>
        </test-method> <!-- startDriver -->
        <test-method is-config="true" signature="startDriver(org.testng.ITestContext)[pri:0, instance:com.das.validation.LoginTest@38425407]" started-at="2023-07-27T20:36:26 EDT" name="startDriver" finished-at="2023-07-27T20:36:28 EDT" duration-ms="2684" status="PASS">
          <params>
            <param index="0">
              <value>
                <![CDATA[org.testng.TestRunner@4c0884e8]]>
              </value>
            </param>
          </params>
          <reporter-output>
          </reporter-output>
        </test-method> <!-- startDriver -->
        <test-method is-config="true" signature="startDriver(org.testng.ITestContext)[pri:0, instance:com.das.validation.LoginTest@38425407]" started-at="2023-07-27T20:36:26 EDT" name="startDriver" finished-at="2023-07-27T20:36:28 EDT" duration-ms="2685" status="PASS">
          <params>
            <param index="0">
              <value>
                <![CDATA[org.testng.TestRunner@4c0884e8]]>
              </value>
            </param>
          </params>
          <reporter-output>
          </reporter-output>
        </test-method> <!-- startDriver -->
        <test-method signature="validateCartpage(com.das.pojo.CustomerInfo)[pri:0, instance:com.das.validation.LoginTest@38425407]" started-at="2023-07-27T20:36:28 EDT" name="validateCartpage" data-provider="getData" finished-at="2023-07-27T20:36:35 EDT" duration-ms="6680" status="PASS">
          <params>
            <param index="0">
              <value>
                <![CDATA[com.das.pojo.CustomerInfo@c06fb50]]>
              </value>
            </param>
          </params>
          <reporter-output>
          </reporter-output>
        </test-method> <!-- validateCartpage -->
        <test-method signature="validateCartpage(com.das.pojo.CustomerInfo)[pri:0, instance:com.das.validation.LoginTest@38425407]" started-at="2023-07-27T20:36:28 EDT" name="validateCartpage" data-provider="getData" finished-at="2023-07-27T20:36:34 EDT" duration-ms="5976" status="PASS">
          <params>
            <param index="0">
              <value>
                <![CDATA[com.das.pojo.CustomerInfo@1fc09c67]]>
              </value>
            </param>
          </params>
          <reporter-output>
          </reporter-output>
        </test-method> <!-- validateCartpage -->
        <test-method signature="validateCartpage(com.das.pojo.CustomerInfo)[pri:0, instance:com.das.validation.LoginTest@38425407]" started-at="2023-07-27T20:36:28 EDT" name="validateCartpage" data-provider="getData" finished-at="2023-07-27T20:36:35 EDT" duration-ms="6567" status="PASS">
          <params>
            <param index="0">
              <value>
                <![CDATA[com.das.pojo.CustomerInfo@3d4e0e55]]>
              </value>
            </param>
          </params>
          <reporter-output>
          </reporter-output>
        </test-method> <!-- validateCartpage -->
        <test-method signature="validateCartpage(com.das.pojo.CustomerInfo)[pri:0, instance:com.das.validation.LoginTest@38425407]" started-at="2023-07-27T20:36:28 EDT" name="validateCartpage" data-provider="getData" finished-at="2023-07-27T20:36:35 EDT" duration-ms="6725" status="PASS">
          <params>
            <param index="0">
              <value>
                <![CDATA[com.das.pojo.CustomerInfo@61da21c4]]>
              </value>
            </param>
          </params>
          <reporter-output>
          </reporter-output>
        </test-method> <!-- validateCartpage -->
        <test-method signature="validateCartpage(com.das.pojo.CustomerInfo)[pri:0, instance:com.das.validation.LoginTest@38425407]" started-at="2023-07-27T20:36:29 EDT" name="validateCartpage" data-provider="getData" finished-at="2023-07-27T20:36:35 EDT" duration-ms="6496" status="PASS">
          <params>
            <param index="0">
              <value>
                <![CDATA[com.das.pojo.CustomerInfo@32a10b6b]]>
              </value>
            </param>
          </params>
          <reporter-output>
          </reporter-output>
        </test-method> <!-- validateCartpage -->
        <test-method is-config="true" signature="tearDownDriver()[pri:0, instance:com.das.validation.LoginTest@38425407]" started-at="2023-07-27T20:36:34 EDT" name="tearDownDriver" finished-at="2023-07-27T20:36:35 EDT" duration-ms="145" status="PASS">
          <reporter-output>
          </reporter-output>
        </test-method> <!-- tearDownDriver -->
        <test-method is-config="true" signature="tearDownDriver()[pri:0, instance:com.das.validation.LoginTest@38425407]" started-at="2023-07-27T20:36:35 EDT" name="tearDownDriver" finished-at="2023-07-27T20:36:35 EDT" duration-ms="184" status="PASS">
          <reporter-output>
          </reporter-output>
        </test-method> <!-- tearDownDriver -->
        <test-method is-config="true" signature="tearDownDriver()[pri:0, instance:com.das.validation.LoginTest@38425407]" started-at="2023-07-27T20:36:35 EDT" name="tearDownDriver" finished-at="2023-07-27T20:36:35 EDT" duration-ms="132" status="PASS">
          <reporter-output>
          </reporter-output>
        </test-method> <!-- tearDownDriver -->
        <test-method is-config="true" signature="tearDownDriver()[pri:0, instance:com.das.validation.LoginTest@38425407]" started-at="2023-07-27T20:36:35 EDT" name="tearDownDriver" finished-at="2023-07-27T20:36:35 EDT" duration-ms="118" status="PASS">
          <reporter-output>
          </reporter-output>
        </test-method> <!-- tearDownDriver -->
        <test-method is-config="true" signature="tearDownDriver()[pri:0, instance:com.das.validation.LoginTest@38425407]" started-at="2023-07-27T20:36:35 EDT" name="tearDownDriver" finished-at="2023-07-27T20:36:35 EDT" duration-ms="180" status="PASS">
          <reporter-output>
          </reporter-output>
        </test-method> <!-- tearDownDriver -->
        <test-method is-config="true" signature="removeDriver()[pri:0, instance:com.das.validation.LoginTest@38425407]" started-at="2023-07-27T20:36:36 EDT" name="removeDriver" finished-at="2023-07-27T20:37:21 EDT" duration-ms="45069" status="PASS">
          <reporter-output>
          </reporter-output>
        </test-method> <!-- removeDriver -->
      </class> <!-- com.das.validation.LoginTest -->
    </test> <!-- Default test -->
  </suite> <!-- Default suite -->
</testng-results>
